<?xml version="1.0" encoding="UTF-8"?>
<testng-results ignored="0" total="1" passed="1" failed="0" skipped="0">
  <reporter-output>
  </reporter-output>
  <suite started-at="2022-03-10T08:59:19 IST" name="Suite" finished-at="2022-03-10T08:59:27 IST" duration-ms="8611">
    <groups>
    </groups>
    <test started-at="2022-03-10T08:59:19 IST" name="Test" finished-at="2022-03-10T08:59:27 IST" duration-ms="8611">
      <class name="mavenforjenkins.JenkinswithParameters">
        <test-method signature="startBrowserWithParameter(java.lang.String)[pri:0, instance:mavenforjenkins.JenkinswithParameters@15ca7889]" started-at="2022-03-10T08:59:19 IST" name="startBrowserWithParameter" finished-at="2022-03-10T08:59:27 IST" duration-ms="8566" status="PASS">
          <params>
            <param index="0">
              <value>
                <![CDATA[Chrome]]>
              </value>
            </param>
          </params>
          <reporter-output>
          </reporter-output>
        </test-method> <!-- startBrowserWithParameter -->
      </class> <!-- mavenforjenkins.JenkinswithParameters -->
    </test> <!-- Test -->
  </suite> <!-- Suite -->
</testng-results>
